[INFO] Training network...
Epoch 1/100
2022-11-25 01:41:35.572291: W tensorflow/core/framework/cpu_allocator_impl.cc:82] Allocation of 231211008 exceeds 10% of free system memory.
2022-11-25 01:41:35.616782: W tensorflow/core/framework/cpu_allocator_impl.cc:82] Allocation of 231211008 exceeds 10% of free system memory.
95/95 [==============================] - 181s 2s/step - loss: 0.4929 - accuracy: 0.0678 - val_loss: 0.6660 - val_accuracy: 0.0276
Epoch 2/100
95/95 [==============================] - 179s 2s/step - loss: 0.1722 - accuracy: 0.1178 - val_loss: 0.1828 - val_accuracy: 0.0842
Epoch 3/100
95/95 [==============================] - 176s 2s/step - loss: 0.1319 - accuracy: 0.2220 - val_loss: 0.1454 - val_accuracy: 0.1158
Epoch 4/100
95/95 [==============================] - 171s 2s/step - loss: 0.1117 - accuracy: 0.3145 - val_loss: 0.1830 - val_accuracy: 0.0434
Epoch 5/100
95/95 [==============================] - 191s 2s/step - loss: 0.0994 - accuracy: 0.3878 - val_loss: 0.0886 - val_accuracy: 0.3632
Epoch 6/100
95/95 [==============================] - 173s 2s/step - loss: 0.1010 - accuracy: 0.3793 - val_loss: 0.1158 - val_accuracy: 0.2789
Epoch 7/100
95/95 [==============================] - 178s 2s/step - loss: 0.0906 - accuracy: 0.4470 - val_loss: 0.0720 - val_accuracy: 0.4816
Epoch 8/100
95/95 [==============================] - 180s 2s/step - loss: 0.0875 - accuracy: 0.4533 - val_loss: 0.4900 - val_accuracy: 0.0461
Epoch 9/100
95/95 [==============================] - 172s 2s/step - loss: 0.0803 - accuracy: 0.5059 - val_loss: 0.1227 - val_accuracy: 0.2974
Epoch 10/100
95/95 [==============================] - 179s 2s/step - loss: 0.0726 - accuracy: 0.5609 - val_loss: 0.0835 - val_accuracy: 0.4487
Epoch 11/100
95/95 [==============================] - 179s 2s/step - loss: 0.0679 - accuracy: 0.5918 - val_loss: 0.1061 - val_accuracy: 0.3829
Epoch 12/100
95/95 [==============================] - 190s 2s/step - loss: 0.0615 - accuracy: 0.6289 - val_loss: 0.0596 - val_accuracy: 0.5974
Epoch 13/100
95/95 [==============================] - 181s 2s/step - loss: 0.0827 - accuracy: 0.4990 - val_loss: 0.1513 - val_accuracy: 0.1895
Epoch 14/100
95/95 [==============================] - 178s 2s/step - loss: 0.0659 - accuracy: 0.5901 - val_loss: 0.0837 - val_accuracy: 0.4132
Epoch 15/100
95/95 [==============================] - 171s 2s/step - loss: 0.0565 - accuracy: 0.6579 - val_loss: 0.0828 - val_accuracy: 0.4882
Epoch 16/100
95/95 [==============================] - 179s 2s/step - loss: 0.0514 - accuracy: 0.6918 - val_loss: 0.0711 - val_accuracy: 0.5316
Epoch 17/100
95/95 [==============================] - 171s 2s/step - loss: 0.0488 - accuracy: 0.7115 - val_loss: 0.0720 - val_accuracy: 0.5500
Epoch 18/100
95/95 [==============================] - 165s 2s/step - loss: 0.0462 - accuracy: 0.7368 - val_loss: 0.0616 - val_accuracy: 0.6079
Epoch 19/100
95/95 [==============================] - 164s 2s/step - loss: 0.0491 - accuracy: 0.7099 - val_loss: 0.0841 - val_accuracy: 0.5132
Epoch 20/100
95/95 [==============================] - 162s 2s/step - loss: 0.0479 - accuracy: 0.7151 - val_loss: 0.0931 - val_accuracy: 0.4895
Epoch 21/100
95/95 [==============================] - 161s 2s/step - loss: 0.0432 - accuracy: 0.7500 - val_loss: 0.0902 - val_accuracy: 0.4605
Epoch 22/100
95/95 [==============================] - 160s 2s/step - loss: 0.0397 - accuracy: 0.7704 - val_loss: 0.0931 - val_accuracy: 0.4618
Epoch 23/100
95/95 [==============================] - 158s 2s/step - loss: 0.0404 - accuracy: 0.7661 - val_loss: 0.1845 - val_accuracy: 0.2579
Epoch 24/100
95/95 [==============================] - 160s 2s/step - loss: 0.0395 - accuracy: 0.7701 - val_loss: 0.0803 - val_accuracy: 0.5474
Epoch 25/100
95/95 [==============================] - 156s 2s/step - loss: 0.0361 - accuracy: 0.8056 - val_loss: 0.0777 - val_accuracy: 0.5618
Epoch 26/100
95/95 [==============================] - 161s 2s/step - loss: 0.0355 - accuracy: 0.7944 - val_loss: 0.0887 - val_accuracy: 0.5303
Epoch 27/100
95/95 [==============================] - 155s 2s/step - loss: 0.0343 - accuracy: 0.8030 - val_loss: 0.0669 - val_accuracy: 0.6105
Epoch 28/100
95/95 [==============================] - 152s 2s/step - loss: 0.0326 - accuracy: 0.8197 - val_loss: 1.0347 - val_accuracy: 0.0987
Epoch 29/100
95/95 [==============================] - 153s 2s/step - loss: 0.0437 - accuracy: 0.7401 - val_loss: 0.1544 - val_accuracy: 0.3947
Epoch 30/100
95/95 [==============================] - 152s 2s/step - loss: 0.0339 - accuracy: 0.8155 - val_loss: 0.0786 - val_accuracy: 0.5526
Epoch 31/100
95/95 [==============================] - 152s 2s/step - loss: 0.0318 - accuracy: 0.8211 - val_loss: 0.0999 - val_accuracy: 0.5211
Epoch 32/100
95/95 [==============================] - 152s 2s/step - loss: 0.0298 - accuracy: 0.8352 - val_loss: 0.1068 - val_accuracy: 0.4803
Epoch 33/100
95/95 [==============================] - 152s 2s/step - loss: 0.0303 - accuracy: 0.8316 - val_loss: 0.1090 - val_accuracy: 0.4974
Epoch 34/100
95/95 [==============================] - 152s 2s/step - loss: 0.0297 - accuracy: 0.8316 - val_loss: 0.0660 - val_accuracy: 0.6447
Epoch 35/100
95/95 [==============================] - 152s 2s/step - loss: 0.0281 - accuracy: 0.8401 - val_loss: 0.1082 - val_accuracy: 0.5105
Epoch 36/100
95/95 [==============================] - 152s 2s/step - loss: 0.0267 - accuracy: 0.8513 - val_loss: 0.0789 - val_accuracy: 0.6145
Epoch 37/100
95/95 [==============================] - 152s 2s/step - loss: 0.0260 - accuracy: 0.8609 - val_loss: 0.0424 - val_accuracy: 0.7368
Epoch 38/100
95/95 [==============================] - 152s 2s/step - loss: 0.0252 - accuracy: 0.8635 - val_loss: 0.0783 - val_accuracy: 0.5829
Epoch 39/100
95/95 [==============================] - 152s 2s/step - loss: 0.0230 - accuracy: 0.8803 - val_loss: 0.0756 - val_accuracy: 0.6211
Epoch 40/100
95/95 [==============================] - 151s 2s/step - loss: 0.0256 - accuracy: 0.8674 - val_loss: 0.1500 - val_accuracy: 0.3776
Epoch 41/100
95/95 [==============================] - 152s 2s/step - loss: 0.0261 - accuracy: 0.8520 - val_loss: 0.0933 - val_accuracy: 0.6421
Epoch 42/100
95/95 [==============================] - 152s 2s/step - loss: 0.0240 - accuracy: 0.8717 - val_loss: 0.0953 - val_accuracy: 0.5526
Epoch 43/100
95/95 [==============================] - 151s 2s/step - loss: 0.0228 - accuracy: 0.8868 - val_loss: 0.1066 - val_accuracy: 0.5000
Epoch 44/100
95/95 [==============================] - 151s 2s/step - loss: 0.0209 - accuracy: 0.8938 - val_loss: 0.0600 - val_accuracy: 0.6750
Epoch 45/100
95/95 [==============================] - 152s 2s/step - loss: 0.0218 - accuracy: 0.8875 - val_loss: 0.0333 - val_accuracy: 0.7855
Epoch 46/100
95/95 [==============================] - 152s 2s/step - loss: 0.0204 - accuracy: 0.8974 - val_loss: 0.0700 - val_accuracy: 0.6750
Epoch 47/100
95/95 [==============================] - 152s 2s/step - loss: 0.0202 - accuracy: 0.9053 - val_loss: 0.0467 - val_accuracy: 0.7684
Epoch 48/100
95/95 [==============================] - 152s 2s/step - loss: 0.0205 - accuracy: 0.8993 - val_loss: 0.0785 - val_accuracy: 0.6553
Epoch 49/100
95/95 [==============================] - 152s 2s/step - loss: 0.0198 - accuracy: 0.9026 - val_loss: 0.0612 - val_accuracy: 0.7197
Epoch 50/100
95/95 [==============================] - 151s 2s/step - loss: 0.0213 - accuracy: 0.8941 - val_loss: 0.0417 - val_accuracy: 0.7711
Epoch 51/100
95/95 [==============================] - 151s 2s/step - loss: 0.0198 - accuracy: 0.9053 - val_loss: 0.0435 - val_accuracy: 0.7500
Epoch 52/100
95/95 [==============================] - 151s 2s/step - loss: 0.0184 - accuracy: 0.9135 - val_loss: 0.0272 - val_accuracy: 0.8632
Epoch 53/100
95/95 [==============================] - 153s 2s/step - loss: 0.0165 - accuracy: 0.9247 - val_loss: 0.0927 - val_accuracy: 0.5566
Epoch 54/100
95/95 [==============================] - 152s 2s/step - loss: 0.0167 - accuracy: 0.9187 - val_loss: 0.2055 - val_accuracy: 0.4303
Epoch 55/100
95/95 [==============================] - 152s 2s/step - loss: 0.0176 - accuracy: 0.9250 - val_loss: 0.1313 - val_accuracy: 0.4908
Epoch 56/100
95/95 [==============================] - 151s 2s/step - loss: 0.0171 - accuracy: 0.9214 - val_loss: 0.0677 - val_accuracy: 0.6908
Epoch 57/100
95/95 [==============================] - 152s 2s/step - loss: 0.0159 - accuracy: 0.9237 - val_loss: 0.1825 - val_accuracy: 0.4250
Epoch 58/100
95/95 [==============================] - 154s 2s/step - loss: 0.0220 - accuracy: 0.8872 - val_loss: 0.0760 - val_accuracy: 0.6408
Epoch 59/100
95/95 [==============================] - 152s 2s/step - loss: 0.0199 - accuracy: 0.9036 - val_loss: 0.1894 - val_accuracy: 0.3513
Epoch 60/100
95/95 [==============================] - 152s 2s/step - loss: 0.0233 - accuracy: 0.8806 - val_loss: 0.1797 - val_accuracy: 0.4487
Epoch 61/100
95/95 [==============================] - 152s 2s/step - loss: 0.0171 - accuracy: 0.9224 - val_loss: 0.1182 - val_accuracy: 0.5671
Epoch 62/100
95/95 [==============================] - 152s 2s/step - loss: 0.0159 - accuracy: 0.9293 - val_loss: 0.0658 - val_accuracy: 0.6947
Epoch 63/100
95/95 [==============================] - 152s 2s/step - loss: 0.0149 - accuracy: 0.9303 - val_loss: 0.0417 - val_accuracy: 0.8039
Epoch 64/100
95/95 [==============================] - 152s 2s/step - loss: 0.0143 - accuracy: 0.9352 - val_loss: 0.0589 - val_accuracy: 0.7079
Epoch 65/100
95/95 [==============================] - 153s 2s/step - loss: 0.0187 - accuracy: 0.9099 - val_loss: 0.1070 - val_accuracy: 0.5961
Epoch 66/100
95/95 [==============================] - 152s 2s/step - loss: 0.0162 - accuracy: 0.9263 - val_loss: 0.0319 - val_accuracy: 0.8289
Epoch 67/100
95/95 [==============================] - 152s 2s/step - loss: 0.0140 - accuracy: 0.9385 - val_loss: 0.0878 - val_accuracy: 0.6461
Epoch 68/100
95/95 [==============================] - 151s 2s/step - loss: 0.0175 - accuracy: 0.9158 - val_loss: 0.0340 - val_accuracy: 0.8408
Epoch 69/100
95/95 [==============================] - 152s 2s/step - loss: 0.0148 - accuracy: 0.9355 - val_loss: 0.0993 - val_accuracy: 0.5868
Epoch 70/100
95/95 [==============================] - 152s 2s/step - loss: 0.0138 - accuracy: 0.9414 - val_loss: 0.0858 - val_accuracy: 0.6803
Epoch 71/100
95/95 [==============================] - 152s 2s/step - loss: 0.0133 - accuracy: 0.9411 - val_loss: 0.0731 - val_accuracy: 0.6513
Epoch 72/100
95/95 [==============================] - 152s 2s/step - loss: 0.0135 - accuracy: 0.9398 - val_loss: 0.0354 - val_accuracy: 0.8329
Epoch 73/100
95/95 [==============================] - 153s 2s/step - loss: 0.0115 - accuracy: 0.9546 - val_loss: 0.0670 - val_accuracy: 0.7224
Epoch 74/100
95/95 [==============================] - 152s 2s/step - loss: 0.0113 - accuracy: 0.9503 - val_loss: 0.1225 - val_accuracy: 0.6158
Epoch 75/100
95/95 [==============================] - 152s 2s/step - loss: 0.0117 - accuracy: 0.9480 - val_loss: 0.0485 - val_accuracy: 0.7908
Epoch 76/100
95/95 [==============================] - 151s 2s/step - loss: 0.0125 - accuracy: 0.9484 - val_loss: 0.1244 - val_accuracy: 0.5592
Epoch 77/100
95/95 [==============================] - 153s 2s/step - loss: 0.0117 - accuracy: 0.9579 - val_loss: 0.1640 - val_accuracy: 0.5566
Epoch 78/100
95/95 [==============================] - 152s 2s/step - loss: 0.0106 - accuracy: 0.9536 - val_loss: 0.3227 - val_accuracy: 0.2934
Epoch 79/100
95/95 [==============================] - 152s 2s/step - loss: 0.0162 - accuracy: 0.9257 - val_loss: 0.0664 - val_accuracy: 0.6750
Epoch 80/100
95/95 [==============================] - 152s 2s/step - loss: 0.0116 - accuracy: 0.9546 - val_loss: 0.1074 - val_accuracy: 0.6408
Epoch 81/100
95/95 [==============================] - 152s 2s/step - loss: 0.0102 - accuracy: 0.9556 - val_loss: 0.0303 - val_accuracy: 0.8447
Epoch 82/100
95/95 [==============================] - 152s 2s/step - loss: 0.0133 - accuracy: 0.9424 - val_loss: 0.1082 - val_accuracy: 0.5382
Epoch 83/100
95/95 [==============================] - 152s 2s/step - loss: 0.0120 - accuracy: 0.9507 - val_loss: 0.0738 - val_accuracy: 0.7237
Epoch 84/100
95/95 [==============================] - 152s 2s/step - loss: 0.0107 - accuracy: 0.9592 - val_loss: 0.1503 - val_accuracy: 0.5763
Epoch 85/100
95/95 [==============================] - 152s 2s/step - loss: 0.0099 - accuracy: 0.9605 - val_loss: 0.0599 - val_accuracy: 0.7895
Epoch 86/100
95/95 [==============================] - 152s 2s/step - loss: 0.0087 - accuracy: 0.9678 - val_loss: 0.0261 - val_accuracy: 0.8737
Epoch 87/100
95/95 [==============================] - 152s 2s/step - loss: 0.0094 - accuracy: 0.9625 - val_loss: 0.0367 - val_accuracy: 0.8526
Epoch 88/100
95/95 [==============================] - 151s 2s/step - loss: 0.0171 - accuracy: 0.9217 - val_loss: 0.2277 - val_accuracy: 0.3947
Epoch 89/100
95/95 [==============================] - 152s 2s/step - loss: 0.0116 - accuracy: 0.9484 - val_loss: 0.0408 - val_accuracy: 0.8197
Epoch 90/100
95/95 [==============================] - 152s 2s/step - loss: 0.0108 - accuracy: 0.9586 - val_loss: 0.0340 - val_accuracy: 0.8303
Epoch 91/100
95/95 [==============================] - 152s 2s/step - loss: 0.0094 - accuracy: 0.9632 - val_loss: 0.0589 - val_accuracy: 0.7605
Epoch 92/100
95/95 [==============================] - 152s 2s/step - loss: 0.0108 - accuracy: 0.9586 - val_loss: 0.1839 - val_accuracy: 0.4487
Epoch 93/100
95/95 [==============================] - 152s 2s/step - loss: 0.0108 - accuracy: 0.9569 - val_loss: 0.0510 - val_accuracy: 0.8105
Epoch 94/100
95/95 [==============================] - 151s 2s/step - loss: 0.0108 - accuracy: 0.9566 - val_loss: 0.0639 - val_accuracy: 0.7816
Epoch 95/100
95/95 [==============================] - 152s 2s/step - loss: 0.0096 - accuracy: 0.9628 - val_loss: 0.1609 - val_accuracy: 0.4750
Epoch 96/100
95/95 [==============================] - 152s 2s/step - loss: 0.0093 - accuracy: 0.9635 - val_loss: 0.0446 - val_accuracy: 0.8013
Epoch 97/100
95/95 [==============================] - 152s 2s/step - loss: 0.0110 - accuracy: 0.9510 - val_loss: 0.1676 - val_accuracy: 0.5447
Epoch 98/100
95/95 [==============================] - 152s 2s/step - loss: 0.0094 - accuracy: 0.9648 - val_loss: 0.0230 - val_accuracy: 0.8895
Epoch 99/100
95/95 [==============================] - 152s 2s/step - loss: 0.0084 - accuracy: 0.9697 - val_loss: 0.0422 - val_accuracy: 0.8289
Epoch 100/100
95/95 [==============================] - 152s 2s/step - loss: 0.0074 - accuracy: 0.9753 - val_loss: 0.0368 - val_accuracy: 0.8368


[INFO] Calculating model accuracy
24/24 [==============================] - 7s 281ms/step - loss: 0.0368 - accuracy: 0.8368
Test Accuracy: 83.68421196937561
[INFO] Saving model...
WARNING:absl:Found untraced functions such as _jit_compiled_convolution_op, _jit_compiled_convolution_op, _jit_compiled_convolution_op, _jit_compiled_convolution_op, _jit_compiled_convolution_op while saving (showing 5 of 5). These functions will not be directly callable after loading.
[INFO] Saving label transform...

Process finished with exit code 0
